<?xml version="1.0" encoding="UTF-8"?>
<robot generator="Robot 6.1.1 (Python 3.8.5 on win32)" generated="20231007 19:23:51.974" rpa="false" schemaversion="4">
<suite id="s1" name="CRUDBooks" source="d:\________Masters\Semester 2\PRT582 SOFTWARE ENGINEERING PROCESS AND TOOLS\assignment 3\AutomatedTests\Tests\CrudBooks\CRUDBooks.robot">
<test id="s1-t1" name="Validate Edit Books" line="25">
<kw name="Go to Dashboard Page" library="routeFunctionality">
<doc>This is to route to Dashboard page</doc>
<kw name="Login user" library="commonFunctionality">
<kw name="Go to Login Page" library="routeFunctionality">
<doc>This is to route to login page</doc>
<kw name="Start TestCase" library="commonFunctionality">
<kw name="Open Browser" library="SeleniumLibrary">
<arg>${URL}</arg>
<arg>${Browser}</arg>
<doc>Opens a new browser instance to the optional ``url``.</doc>
<msg timestamp="20231007 19:23:52.243" level="INFO">Opening browser 'chrome' to base url 'http://127.0.0.1:8000/'.</msg>
<status status="PASS" starttime="20231007 19:23:52.242" endtime="20231007 19:23:54.363"/>
</kw>
<kw name="Maximize Browser Window" library="SeleniumLibrary">
<doc>Maximizes current browser window.</doc>
<status status="PASS" starttime="20231007 19:23:54.364" endtime="20231007 19:23:54.504"/>
</kw>
<status status="PASS" starttime="20231007 19:23:52.242" endtime="20231007 19:23:54.505"/>
</kw>
<kw name="Click Link" library="SeleniumLibrary">
<arg>//*[@id="navbarCollapse"]/div[1]/a[2]</arg>
<doc>Clicks a link identified by ``locator``.</doc>
<msg timestamp="20231007 19:23:54.507" level="INFO">Clicking link '//*[@id="navbarCollapse"]/div[1]/a[2]'.</msg>
<status status="PASS" starttime="20231007 19:23:54.505" endtime="20231007 19:23:54.813"/>
</kw>
<kw name="Click Link" library="SeleniumLibrary">
<arg>css:body &gt; div.jumbotron &gt; p:nth-child(4) &gt; a:nth-child(2)</arg>
<doc>Clicks a link identified by ``locator``.</doc>
<msg timestamp="20231007 19:23:54.816" level="INFO">Clicking link 'css:body &gt; div.jumbotron &gt; p:nth-child(4) &gt; a:nth-child(2)'.</msg>
<status status="PASS" starttime="20231007 19:23:54.815" endtime="20231007 19:23:55.040"/>
</kw>
<status status="PASS" starttime="20231007 19:23:52.241" endtime="20231007 19:23:55.040"/>
</kw>
<kw name="Input Text" library="SeleniumLibrary">
<arg>loginuname</arg>
<arg>testuser23</arg>
<doc>Types the given ``text`` into the text field identified by ``locator``.</doc>
<msg timestamp="20231007 19:23:55.041" level="INFO">Typing text 'testuser23' into text field 'loginuname'.</msg>
<status status="PASS" starttime="20231007 19:23:55.040" endtime="20231007 19:23:55.178"/>
</kw>
<kw name="Input Password" library="SeleniumLibrary">
<arg>loginpassword</arg>
<arg>login@123</arg>
<doc>Types the given password into the text field identified by ``locator``.</doc>
<msg timestamp="20231007 19:23:55.180" level="INFO">Typing password into text field 'loginpassword'.</msg>
<msg timestamp="20231007 19:23:55.228" level="INFO">Temporally setting log level to: NONE</msg>
<msg timestamp="20231007 19:23:55.297" level="INFO">Log level changed from NONE to INFO.</msg>
<status status="PASS" starttime="20231007 19:23:55.179" endtime="20231007 19:23:55.297"/>
</kw>
<kw name="Click Button" library="SeleniumLibrary">
<arg>Login</arg>
<doc>Clicks the button identified by ``locator``.</doc>
<msg timestamp="20231007 19:23:55.298" level="INFO">Clicking button 'Login'.</msg>
<status status="PASS" starttime="20231007 19:23:55.298" endtime="20231007 19:23:56.904"/>
</kw>
<kw name="Page Should Contain" library="SeleniumLibrary">
<arg>Message : Successfully logged in</arg>
<doc>Verifies that current page contains ``text``.</doc>
<msg timestamp="20231007 19:23:56.932" level="INFO">Current page contains text 'Message : Successfully logged in'.</msg>
<status status="PASS" starttime="20231007 19:23:56.905" endtime="20231007 19:23:56.933"/>
</kw>
<status status="PASS" starttime="20231007 19:23:52.241" endtime="20231007 19:23:56.933"/>
</kw>
<status status="PASS" starttime="20231007 19:23:52.240" endtime="20231007 19:23:56.933"/>
</kw>
<kw name="Click Link" library="SeleniumLibrary">
<arg>css:#dataTable &gt; tbody &gt; tr:nth-child(4) &gt; td:nth-child(5) &gt; a</arg>
<doc>Clicks a link identified by ``locator``.</doc>
<msg timestamp="20231007 19:23:56.936" level="INFO">Clicking link 'css:#dataTable &gt; tbody &gt; tr:nth-child(4) &gt; td:nth-child(5) &gt; a'.</msg>
<status status="PASS" starttime="20231007 19:23:56.934" endtime="20231007 19:23:57.116"/>
</kw>
<kw name="Input Text" library="SeleniumLibrary">
<arg>bookid</arg>
<arg>002</arg>
<doc>Types the given ``text`` into the text field identified by ``locator``.</doc>
<msg timestamp="20231007 19:23:57.118" level="INFO">Typing text '002' into text field 'bookid'.</msg>
<status status="PASS" starttime="20231007 19:23:57.117" endtime="20231007 19:23:57.244"/>
</kw>
<kw name="Input Text" library="SeleniumLibrary">
<arg>bookname</arg>
<arg>Ruby2</arg>
<doc>Types the given ``text`` into the text field identified by ``locator``.</doc>
<msg timestamp="20231007 19:23:57.246" level="INFO">Typing text 'Ruby2' into text field 'bookname'.</msg>
<status status="PASS" starttime="20231007 19:23:57.245" endtime="20231007 19:23:57.360"/>
</kw>
<kw name="Input Text" library="SeleniumLibrary">
<arg>subject</arg>
<arg>Programming</arg>
<doc>Types the given ``text`` into the text field identified by ``locator``.</doc>
<msg timestamp="20231007 19:23:57.362" level="INFO">Typing text 'Programming' into text field 'subject'.</msg>
<status status="PASS" starttime="20231007 19:23:57.361" endtime="20231007 19:23:57.477"/>
</kw>
<kw name="Input Text" library="SeleniumLibrary">
<arg>category</arg>
<arg>Not-Issued</arg>
<doc>Types the given ``text`` into the text field identified by ``locator``.</doc>
<msg timestamp="20231007 19:23:57.478" level="INFO">Typing text 'Not-Issued' into text field 'category'.</msg>
<status status="PASS" starttime="20231007 19:23:57.478" endtime="20231007 19:23:57.596"/>
</kw>
<kw name="Click Button" library="SeleniumLibrary">
<arg>css:body &gt; div &gt; div &gt; div &gt; div &gt; form &gt; button</arg>
<doc>Clicks the button identified by ``locator``.</doc>
<msg timestamp="20231007 19:23:57.598" level="INFO">Clicking button 'css:body &gt; div &gt; div &gt; div &gt; div &gt; form &gt; button'.</msg>
<status status="PASS" starttime="20231007 19:23:57.597" endtime="20231007 19:23:57.814"/>
</kw>
<kw name="Click Link" library="SeleniumLibrary">
<arg>css:body &gt; div &gt; ul &gt; li:nth-child(1) &gt; a</arg>
<doc>Clicks a link identified by ``locator``.</doc>
<msg timestamp="20231007 19:23:57.819" level="INFO">Clicking link 'css:body &gt; div &gt; ul &gt; li:nth-child(1) &gt; a'.</msg>
<status status="PASS" starttime="20231007 19:23:57.816" endtime="20231007 19:23:58.187"/>
</kw>
<kw name="Page Should Contain" library="SeleniumLibrary">
<arg>002</arg>
<doc>Verifies that current page contains ``text``.</doc>
<msg timestamp="20231007 19:23:58.209" level="INFO">Current page contains text '002'.</msg>
<status status="PASS" starttime="20231007 19:23:58.188" endtime="20231007 19:23:58.209"/>
</kw>
<kw name="Page Should Contain" library="SeleniumLibrary">
<arg>Ruby2</arg>
<doc>Verifies that current page contains ``text``.</doc>
<msg timestamp="20231007 19:23:58.229" level="INFO">Current page contains text 'Ruby2'.</msg>
<status status="PASS" starttime="20231007 19:23:58.210" endtime="20231007 19:23:58.229"/>
</kw>
<doc>This testcase checks the validity of Edit Books functionality</doc>
<status status="PASS" starttime="20231007 19:23:52.239" endtime="20231007 19:23:58.230"/>
</test>
<doc>Book Functionalities</doc>
<status status="PASS" starttime="20231007 19:23:51.984" endtime="20231007 19:23:58.232"/>
</suite>
<statistics>
<total>
<stat pass="1" fail="0" skip="0">All Tests</stat>
</total>
<tag>
</tag>
<suite>
<stat pass="1" fail="0" skip="0" id="s1" name="CRUDBooks">CRUDBooks</stat>
</suite>
</statistics>
<errors>
<msg timestamp="20231007 19:23:52.231" level="ERROR">Error in file 'd:\________Masters\Semester 2\PRT582 SOFTWARE ENGINEERING PROCESS AND TOOLS\assignment 3\AutomatedTests\Resources\routeFunctionality.robot' on line 36: Creating keyword 'Go to Issue Book Page' failed: Keyword with same name defined multiple times.</msg>
</errors>
</robot>
