<?xml version="1.0" encoding="UTF-8"?>
<robot generator="Robot 6.1.1 (Python 3.8.5 on win32)" generated="20231008 17:30:20.247" rpa="false" schemaversion="4">
<suite id="s1" name="BookLending" source="D:\________Masters\Semester 2\PRT582 SOFTWARE ENGINEERING PROCESS AND TOOLS\assignment 3\AutomatedTests\Tests\Books\BookLending.robot">
<test id="s1-t1" name="Validate Issue and View Books" line="43">
<kw name="Go to Issue Book Page" library="routeFunctionality">
<doc>This is to route to Add Book page</doc>
<kw name="Login user" library="commonFunctionality">
<kw name="Go to Login Page" library="routeFunctionality">
<doc>This is to route to login page</doc>
<kw name="Start TestCase" library="commonFunctionality">
<kw name="Open Browser" library="SeleniumLibrary">
<arg>${URL}</arg>
<arg>${Browser}</arg>
<doc>Opens a new browser instance to the optional ``url``.</doc>
<msg timestamp="20231008 17:30:20.500" level="INFO">Opening browser 'chrome' to base url 'http://127.0.0.1:8000/'.</msg>
<status status="PASS" starttime="20231008 17:30:20.499" endtime="20231008 17:30:22.729"/>
</kw>
<kw name="Maximize Browser Window" library="SeleniumLibrary">
<doc>Maximizes current browser window.</doc>
<status status="PASS" starttime="20231008 17:30:22.729" endtime="20231008 17:30:22.859"/>
</kw>
<status status="PASS" starttime="20231008 17:30:20.499" endtime="20231008 17:30:22.859"/>
</kw>
<kw name="Click Link" library="SeleniumLibrary">
<arg>//*[@id="navbarCollapse"]/div[1]/a[2]</arg>
<doc>Clicks a link identified by ``locator``.</doc>
<msg timestamp="20231008 17:30:22.860" level="INFO">Clicking link '//*[@id="navbarCollapse"]/div[1]/a[2]'.</msg>
<status status="PASS" starttime="20231008 17:30:22.860" endtime="20231008 17:30:23.051"/>
</kw>
<kw name="Click Link" library="SeleniumLibrary">
<arg>css:body &gt; div.jumbotron &gt; p:nth-child(4) &gt; a:nth-child(2)</arg>
<doc>Clicks a link identified by ``locator``.</doc>
<msg timestamp="20231008 17:30:23.052" level="INFO">Clicking link 'css:body &gt; div.jumbotron &gt; p:nth-child(4) &gt; a:nth-child(2)'.</msg>
<status status="PASS" starttime="20231008 17:30:23.051" endtime="20231008 17:30:23.195"/>
</kw>
<status status="PASS" starttime="20231008 17:30:20.499" endtime="20231008 17:30:23.196"/>
</kw>
<kw name="Input Text" library="SeleniumLibrary">
<arg>loginuname</arg>
<arg>testuser23</arg>
<doc>Types the given ``text`` into the text field identified by ``locator``.</doc>
<msg timestamp="20231008 17:30:23.196" level="INFO">Typing text 'testuser23' into text field 'loginuname'.</msg>
<status status="PASS" starttime="20231008 17:30:23.196" endtime="20231008 17:30:23.340"/>
</kw>
<kw name="Input Password" library="SeleniumLibrary">
<arg>loginpassword</arg>
<arg>login@123</arg>
<doc>Types the given password into the text field identified by ``locator``.</doc>
<msg timestamp="20231008 17:30:23.341" level="INFO">Typing password into text field 'loginpassword'.</msg>
<msg timestamp="20231008 17:30:23.392" level="INFO">Temporally setting log level to: NONE</msg>
<msg timestamp="20231008 17:30:23.459" level="INFO">Log level changed from NONE to INFO.</msg>
<status status="PASS" starttime="20231008 17:30:23.340" endtime="20231008 17:30:23.460"/>
</kw>
<kw name="Click Button" library="SeleniumLibrary">
<arg>Login</arg>
<doc>Clicks the button identified by ``locator``.</doc>
<msg timestamp="20231008 17:30:23.460" level="INFO">Clicking button 'Login'.</msg>
<status status="PASS" starttime="20231008 17:30:23.460" endtime="20231008 17:30:25.359"/>
</kw>
<kw name="Page Should Contain" library="SeleniumLibrary">
<arg>Message : Successfully logged in</arg>
<doc>Verifies that current page contains ``text``.</doc>
<msg timestamp="20231008 17:30:25.392" level="INFO">Current page contains text 'Message : Successfully logged in'.</msg>
<status status="PASS" starttime="20231008 17:30:25.359" endtime="20231008 17:30:25.392"/>
</kw>
<status status="PASS" starttime="20231008 17:30:20.498" endtime="20231008 17:30:25.392"/>
</kw>
<kw name="Click Link" library="SeleniumLibrary">
<arg>css:body &gt; div &gt; ul &gt; li:nth-child(4) &gt; a</arg>
<doc>Clicks a link identified by ``locator``.</doc>
<msg timestamp="20231008 17:30:25.393" level="INFO">Clicking link 'css:body &gt; div &gt; ul &gt; li:nth-child(4) &gt; a'.</msg>
<status status="PASS" starttime="20231008 17:30:25.392" endtime="20231008 17:30:25.578"/>
</kw>
<status status="PASS" starttime="20231008 17:30:20.498" endtime="20231008 17:30:25.578"/>
</kw>
<kw name="Input Text" library="SeleniumLibrary">
<arg>book1</arg>
<arg>BE12345H</arg>
<doc>Types the given ``text`` into the text field identified by ``locator``.</doc>
<msg timestamp="20231008 17:30:25.579" level="INFO">Typing text 'BE12345H' into text field 'book1'.</msg>
<status status="PASS" starttime="20231008 17:30:25.579" endtime="20231008 17:30:25.705"/>
</kw>
<kw name="Input Text" library="SeleniumLibrary">
<arg>studentid</arg>
<arg>EN14CS301110</arg>
<doc>Types the given ``text`` into the text field identified by ``locator``.</doc>
<msg timestamp="20231008 17:30:25.706" level="INFO">Typing text 'EN14CS301110' into text field 'studentid'.</msg>
<status status="PASS" starttime="20231008 17:30:25.705" endtime="20231008 17:30:25.823"/>
</kw>
<kw name="Click Button" library="SeleniumLibrary">
<arg>css:body &gt; div &gt; div &gt; div &gt; div &gt; form &gt; button</arg>
<doc>Clicks the button identified by ``locator``.</doc>
<msg timestamp="20231008 17:30:25.824" level="INFO">Clicking button 'css:body &gt; div &gt; div &gt; div &gt; div &gt; form &gt; button'.</msg>
<status status="PASS" starttime="20231008 17:30:25.824" endtime="20231008 17:30:26.316"/>
</kw>
<kw name="Sleep" library="BuiltIn">
<arg>1s</arg>
<doc>Pauses the test executed for the given time.</doc>
<msg timestamp="20231008 17:30:27.326" level="INFO">Slept 1 second</msg>
<status status="PASS" starttime="20231008 17:30:26.318" endtime="20231008 17:30:27.326"/>
</kw>
<kw name="Click Link" library="SeleniumLibrary">
<arg>css:body &gt; div &gt; ul &gt; li:nth-child(5) &gt; a</arg>
<doc>Clicks a link identified by ``locator``.</doc>
<msg timestamp="20231008 17:30:27.326" level="INFO">Clicking link 'css:body &gt; div &gt; ul &gt; li:nth-child(5) &gt; a'.</msg>
<status status="PASS" starttime="20231008 17:30:27.326" endtime="20231008 17:30:27.456"/>
</kw>
<kw name="Sleep" library="BuiltIn">
<arg>1s</arg>
<doc>Pauses the test executed for the given time.</doc>
<msg timestamp="20231008 17:30:28.466" level="INFO">Slept 1 second</msg>
<status status="PASS" starttime="20231008 17:30:27.456" endtime="20231008 17:30:28.466"/>
</kw>
<kw name="Page Should Contain" library="SeleniumLibrary">
<arg>EN14CS301110</arg>
<doc>Verifies that current page contains ``text``.</doc>
<msg timestamp="20231008 17:30:28.513" level="INFO">Current page contains text 'EN14CS301110'.</msg>
<status status="PASS" starttime="20231008 17:30:28.466" endtime="20231008 17:30:28.513"/>
</kw>
<kw name="Page Should Contain" library="SeleniumLibrary">
<arg>Python</arg>
<doc>Verifies that current page contains ``text``.</doc>
<msg timestamp="20231008 17:30:28.575" level="INFO">Current page contains text 'Python'.</msg>
<status status="PASS" starttime="20231008 17:30:28.513" endtime="20231008 17:30:28.575"/>
</kw>
<kw name="Page Should Contain" library="SeleniumLibrary">
<arg>Mishika</arg>
<doc>Verifies that current page contains ``text``.</doc>
<msg timestamp="20231008 17:30:28.623" level="INFO">Current page contains text 'Mishika'.</msg>
<status status="PASS" starttime="20231008 17:30:28.575" endtime="20231008 17:30:28.623"/>
</kw>
<kw name="Finish TestCase" library="commonFunctionality" type="TEARDOWN">
<kw name="Close Browser" library="SeleniumLibrary">
<doc>Closes the current browser.</doc>
<status status="PASS" starttime="20231008 17:30:28.623" endtime="20231008 17:30:30.825"/>
</kw>
<status status="PASS" starttime="20231008 17:30:28.623" endtime="20231008 17:30:30.825"/>
</kw>
<doc>This testcase checks the validity of Issued Book functionality</doc>
<status status="PASS" starttime="20231008 17:30:20.497" endtime="20231008 17:30:30.825"/>
</test>
<test id="s1-t2" name="Validate Return Issued Books" line="56">
<kw name="Go to Return Book Page" library="routeFunctionality">
<doc>This is to route to Return Book page</doc>
<kw name="Login user" library="commonFunctionality">
<kw name="Go to Login Page" library="routeFunctionality">
<doc>This is to route to login page</doc>
<kw name="Start TestCase" library="commonFunctionality">
<kw name="Open Browser" library="SeleniumLibrary">
<arg>${URL}</arg>
<arg>${Browser}</arg>
<doc>Opens a new browser instance to the optional ``url``.</doc>
<msg timestamp="20231008 17:30:30.841" level="INFO">Opening browser 'chrome' to base url 'http://127.0.0.1:8000/'.</msg>
<status status="PASS" starttime="20231008 17:30:30.825" endtime="20231008 17:30:33.151"/>
</kw>
<kw name="Maximize Browser Window" library="SeleniumLibrary">
<doc>Maximizes current browser window.</doc>
<status status="PASS" starttime="20231008 17:30:33.151" endtime="20231008 17:30:33.274"/>
</kw>
<status status="PASS" starttime="20231008 17:30:30.825" endtime="20231008 17:30:33.274"/>
</kw>
<kw name="Click Link" library="SeleniumLibrary">
<arg>//*[@id="navbarCollapse"]/div[1]/a[2]</arg>
<doc>Clicks a link identified by ``locator``.</doc>
<msg timestamp="20231008 17:30:33.274" level="INFO">Clicking link '//*[@id="navbarCollapse"]/div[1]/a[2]'.</msg>
<status status="PASS" starttime="20231008 17:30:33.274" endtime="20231008 17:30:33.459"/>
</kw>
<kw name="Click Link" library="SeleniumLibrary">
<arg>css:body &gt; div.jumbotron &gt; p:nth-child(4) &gt; a:nth-child(2)</arg>
<doc>Clicks a link identified by ``locator``.</doc>
<msg timestamp="20231008 17:30:33.460" level="INFO">Clicking link 'css:body &gt; div.jumbotron &gt; p:nth-child(4) &gt; a:nth-child(2)'.</msg>
<status status="PASS" starttime="20231008 17:30:33.459" endtime="20231008 17:30:33.590"/>
</kw>
<status status="PASS" starttime="20231008 17:30:30.825" endtime="20231008 17:30:33.590"/>
</kw>
<kw name="Input Text" library="SeleniumLibrary">
<arg>loginuname</arg>
<arg>testuser23</arg>
<doc>Types the given ``text`` into the text field identified by ``locator``.</doc>
<msg timestamp="20231008 17:30:33.590" level="INFO">Typing text 'testuser23' into text field 'loginuname'.</msg>
<status status="PASS" starttime="20231008 17:30:33.590" endtime="20231008 17:30:33.751"/>
</kw>
<kw name="Input Password" library="SeleniumLibrary">
<arg>loginpassword</arg>
<arg>login@123</arg>
<doc>Types the given password into the text field identified by ``locator``.</doc>
<msg timestamp="20231008 17:30:33.752" level="INFO">Typing password into text field 'loginpassword'.</msg>
<msg timestamp="20231008 17:30:33.802" level="INFO">Temporally setting log level to: NONE</msg>
<msg timestamp="20231008 17:30:33.876" level="INFO">Log level changed from NONE to INFO.</msg>
<status status="PASS" starttime="20231008 17:30:33.751" endtime="20231008 17:30:33.876"/>
</kw>
<kw name="Click Button" library="SeleniumLibrary">
<arg>Login</arg>
<doc>Clicks the button identified by ``locator``.</doc>
<msg timestamp="20231008 17:30:33.877" level="INFO">Clicking button 'Login'.</msg>
<status status="PASS" starttime="20231008 17:30:33.876" endtime="20231008 17:30:35.648"/>
</kw>
<kw name="Page Should Contain" library="SeleniumLibrary">
<arg>Message : Successfully logged in</arg>
<doc>Verifies that current page contains ``text``.</doc>
<msg timestamp="20231008 17:30:35.667" level="INFO">Current page contains text 'Message : Successfully logged in'.</msg>
<status status="PASS" starttime="20231008 17:30:35.648" endtime="20231008 17:30:35.668"/>
</kw>
<status status="PASS" starttime="20231008 17:30:30.825" endtime="20231008 17:30:35.668"/>
</kw>
<kw name="Click Link" library="SeleniumLibrary">
<arg>css:body &gt; div &gt; ul &gt; li:nth-child(7) &gt; a</arg>
<doc>Clicks a link identified by ``locator``.</doc>
<msg timestamp="20231008 17:30:35.668" level="INFO">Clicking link 'css:body &gt; div &gt; ul &gt; li:nth-child(7) &gt; a'.</msg>
<status status="PASS" starttime="20231008 17:30:35.668" endtime="20231008 17:30:35.834"/>
</kw>
<status status="PASS" starttime="20231008 17:30:30.825" endtime="20231008 17:30:35.834"/>
</kw>
<kw name="Input Text" library="SeleniumLibrary">
<arg>bookid2</arg>
<arg>BE12345H</arg>
<doc>Types the given ``text`` into the text field identified by ``locator``.</doc>
<msg timestamp="20231008 17:30:35.835" level="INFO">Typing text 'BE12345H' into text field 'bookid2'.</msg>
<status status="PASS" starttime="20231008 17:30:35.835" endtime="20231008 17:30:35.984"/>
</kw>
<kw name="Click Button" library="SeleniumLibrary">
<arg>css:body &gt; div &gt; div &gt; div &gt; div &gt; form &gt; button</arg>
<doc>Clicks the button identified by ``locator``.</doc>
<msg timestamp="20231008 17:30:35.985" level="INFO">Clicking button 'css:body &gt; div &gt; div &gt; div &gt; div &gt; form &gt; button'.</msg>
<status status="PASS" starttime="20231008 17:30:35.985" endtime="20231008 17:30:36.770"/>
</kw>
<kw name="Click Link" library="SeleniumLibrary">
<arg>css:body &gt; div &gt; ul &gt; li:nth-child(5) &gt; a</arg>
<doc>Clicks a link identified by ``locator``.</doc>
<msg timestamp="20231008 17:30:36.776" level="INFO">Clicking link 'css:body &gt; div &gt; ul &gt; li:nth-child(5) &gt; a'.</msg>
<status status="PASS" starttime="20231008 17:30:36.772" endtime="20231008 17:30:36.956"/>
</kw>
<kw name="Page Should Not Contain" library="SeleniumLibrary">
<arg>EN14CS301110</arg>
<doc>Verifies the current page does not contain ``text``.</doc>
<msg timestamp="20231008 17:30:36.998" level="INFO">Current page does not contain text 'EN14CS301110'.</msg>
<status status="PASS" starttime="20231008 17:30:36.957" endtime="20231008 17:30:36.998"/>
</kw>
<kw name="Page Should Not Contain" library="SeleniumLibrary">
<arg>Python</arg>
<doc>Verifies the current page does not contain ``text``.</doc>
<msg timestamp="20231008 17:30:37.027" level="INFO">Current page does not contain text 'Python'.</msg>
<status status="PASS" starttime="20231008 17:30:36.999" endtime="20231008 17:30:37.027"/>
</kw>
<kw name="Page Should Not Contain" library="SeleniumLibrary">
<arg>Mishika</arg>
<doc>Verifies the current page does not contain ``text``.</doc>
<msg timestamp="20231008 17:30:37.059" level="INFO">Current page does not contain text 'Mishika'.</msg>
<status status="PASS" starttime="20231008 17:30:37.028" endtime="20231008 17:30:37.059"/>
</kw>
<kw name="Finish TestCase" library="commonFunctionality" type="TEARDOWN">
<kw name="Close Browser" library="SeleniumLibrary">
<doc>Closes the current browser.</doc>
<status status="PASS" starttime="20231008 17:30:37.060" endtime="20231008 17:30:39.204"/>
</kw>
<status status="PASS" starttime="20231008 17:30:37.060" endtime="20231008 17:30:39.205"/>
</kw>
<doc>This testcase checks the validity of Return Issued Books functionality</doc>
<status status="PASS" starttime="20231008 17:30:30.825" endtime="20231008 17:30:39.206"/>
</test>
<doc>Book Circulation Functionalities</doc>
<status status="PASS" starttime="20231008 17:30:20.250" endtime="20231008 17:30:39.211"/>
</suite>
<statistics>
<total>
<stat pass="2" fail="0" skip="0">All Tests</stat>
</total>
<tag>
</tag>
<suite>
<stat pass="2" fail="0" skip="0" id="s1" name="BookLending">BookLending</stat>
</suite>
</statistics>
<errors>
</errors>
</robot>
